{
  "configs": [
    {
      "automock": false,
      "cache": true,
      "cacheDirectory": "C:\\Users\\Jaoce\\AppData\\Local\\Temp\\jest",
      "clearMocks": false,
      "collectCoverageFrom": [],
      "coverageDirectory": "C:\\Users\\Jaoce\\OneDrive\\Documents\\GitHub\\project-isekai-v2\\PROTOTYPE\\coverage",
      "coveragePathIgnorePatterns": [
        "\\\\node_modules\\\\"
      ],
      "cwd": "C:\\Users\\Jaoce\\OneDrive\\Documents\\GitHub\\project-isekai-v2\\PROTOTYPE",
      "detectLeaks": false,
      "detectOpenHandles": false,
      "errorOnDeprecated": false,
      "extensionsToTreatAsEsm": [],
      "fakeTimers": {
        "enableGlobally": false
      },
      "forceCoverageMatch": [],
      "globals": {
        "ts-jest": {
          "tsconfig": "tsconfig.json"
        }
      },
      "haste": {
        "computeSha1": false,
        "enableSymlinks": false,
        "forceNodeFilesystemAPI": true,
        "throwOnModuleCollision": false
      },
      "id": "a49ce7af887997cac114ffbd15891fee",
      "injectGlobals": true,
      "moduleDirectories": [
        "node_modules"
      ],
      "moduleFileExtensions": [
        "ts",
        "tsx",
        "js",
        "jsx",
        "json",
        "node"
      ],
      "moduleNameMapper": [
        [
          "\\.(css|less|scss|sass)$",
          "C:\\Users\\Jaoce\\OneDrive\\Documents\\GitHub\\project-isekai-v2\\PROTOTYPE\\__mocks__\\styleMock.js"
        ],
        [
          "\\.(gif|ttf|eot|svg|png|jpg|jpeg)$",
          "C:\\Users\\Jaoce\\OneDrive\\Documents\\GitHub\\project-isekai-v2\\PROTOTYPE\\__mocks__\\fileMock.js"
        ]
      ],
      "modulePathIgnorePatterns": [],
      "openHandlesTimeout": 1000,
      "prettierPath": "prettier",
      "resetMocks": false,
      "resetModules": false,
      "restoreMocks": false,
      "rootDir": "C:\\Users\\Jaoce\\OneDrive\\Documents\\GitHub\\project-isekai-v2\\PROTOTYPE",
      "roots": [
        "C:\\Users\\Jaoce\\OneDrive\\Documents\\GitHub\\project-isekai-v2\\PROTOTYPE"
      ],
      "runner": "C:\\Users\\Jaoce\\OneDrive\\Documents\\GitHub\\project-isekai-v2\\PROTOTYPE\\node_modules\\jest-runner\\build\\index.js",
      "sandboxInjectedGlobals": [],
      "setupFiles": [],
      "setupFilesAfterEnv": [],
      "skipFilter": false,
      "slowTestThreshold": 5,
      "snapshotFormat": {
        "escapeString": false,
        "printBasicPrototype": false
      },
      "snapshotSerializers": [],
      "testEnvironment": "C:\\Users\\Jaoce\\OneDrive\\Documents\\GitHub\\project-isekai-v2\\PROTOTYPE\\node_modules\\jest-environment-node\\build\\index.js",
      "testEnvironmentOptions": {},
      "testLocationInResults": false,
      "testMatch": [
        "**/__tests__/**/*.test.ts",
        "**/?(*.)+(spec|test).[jt]s?(x)"
      ],
      "testPathIgnorePatterns": [
        "\\\\node_modules\\\\"
      ],
      "testRegex": [],
      "testRunner": "C:\\Users\\Jaoce\\OneDrive\\Documents\\GitHub\\project-isekai-v2\\PROTOTYPE\\node_modules\\jest-circus\\runner.js",
      "transform": [
        [
          "^.+\\.(ts|tsx)$",
          "C:\\Users\\Jaoce\\OneDrive\\Documents\\GitHub\\project-isekai-v2\\PROTOTYPE\\node_modules\\ts-jest\\dist\\index.js",
          {}
        ],
        [
          "^.+\\.tsx?$",
          "C:\\Users\\Jaoce\\OneDrive\\Documents\\GitHub\\project-isekai-v2\\PROTOTYPE\\node_modules\\ts-jest\\dist\\index.js",
          {}
        ]
      ],
      "transformIgnorePatterns": [
        "\\\\node_modules\\\\"
      ],
      "watchPathIgnorePatterns": []
    }
  ],
  "globalConfig": {
    "bail": 0,
    "changedFilesWithAncestor": false,
    "ci": false,
    "collectCoverage": false,
    "collectCoverageFrom": [],
    "coverageDirectory": "C:\\Users\\Jaoce\\OneDrive\\Documents\\GitHub\\project-isekai-v2\\PROTOTYPE\\coverage",
    "coverageProvider": "babel",
    "coverageReporters": [
      "json",
      "text",
      "lcov",
      "clover"
    ],
    "detectLeaks": false,
    "detectOpenHandles": false,
    "errorOnDeprecated": false,
    "expand": false,
    "findRelatedTests": false,
    "forceExit": false,
    "json": false,
    "lastCommit": false,
    "listTests": false,
    "logHeapUsage": false,
    "maxConcurrency": 5,
    "maxWorkers": 11,
    "noStackTrace": false,
    "nonFlagArgs": [],
    "notify": false,
    "notifyMode": "failure-change",
    "onlyChanged": false,
    "onlyFailures": false,
    "openHandlesTimeout": 1000,
    "passWithNoTests": false,
    "projects": [],
    "rootDir": "C:\\Users\\Jaoce\\OneDrive\\Documents\\GitHub\\project-isekai-v2\\PROTOTYPE",
    "runTestsByPath": false,
    "seed": 1720196052,
    "skipFilter": false,
    "snapshotFormat": {
      "escapeString": false,
      "printBasicPrototype": false
    },
    "testFailureExitCode": 1,
    "testPathPattern": "",
    "testSequencer": "C:\\Users\\Jaoce\\OneDrive\\Documents\\GitHub\\project-isekai-v2\\PROTOTYPE\\node_modules\\@jest\\test-sequencer\\build\\index.js",
    "updateSnapshot": "new",
    "useStderr": false,
    "watch": false,
    "watchAll": false,
    "watchman": true,
    "workerThreads": false
  },
  "version": "29.7.0"
}
