
> luxfier-prototype@1.0.0 test
> jest --coverage --colors=false --runInBand

node.exe : ts-jest[ts-jest-transformer] (WARN) Define `ts-jest` config 
under `globals` is deprecated. Please do
At line:1 char:1
+ & "C:\Program Files\nodejs/node.exe" 
"C:\Users\Jaoce\AppData\Roaming\ ...
+ ~~~~~~~~~~~~~~~~~~~~~~~~~~~~~~~~~~~~~~~~~~~~~~~~~~~~~~~~~~~~~~~~~~~~~
    + CategoryInfo          : NotSpecified: (ts-jest[ts-jest...ated. P 
   lease do:String) [], RemoteException
    + FullyQualifiedErrorId : NativeCommandError
 
transform: {
    <transform_regex>: ['ts-jest', { /* ts-jest config goes here in 
Jest */ }],
},
See more at https://kulshekhar.github.io/ts-jest/docs/getting-started/p
resets#advanced
PASS src/__tests__/mutationLog.invariants.test.ts
PASS src/__tests__/mutationLog.determinism.test.ts
----------------|---------|----------|---------|---------|-------------------------------
File            | % Stmts | % Branch | % Funcs | % Lines | Uncovered Line #s             
----------------|---------|----------|---------|---------|-------------------------------
All files       |   98.62 |    86.76 |     100 |     100 |                               
 mutationLog.ts |   98.62 |    86.76 |     100 |     100 | 97-99,105,122-125,137,143,200 
----------------|---------|----------|---------|---------|-------------------------------

Test Suites: 2 passed, 2 total
Tests:       12 passed, 12 total
Snapshots:   0 total
Time:        0.774 s, estimated 1 s
Ran all test suites.
